This is from commons-jdk14logger.properties: 较详细: ObjectName = JMImplementation:type=MBeanServerDelegate [星期二 十二月 28 17:07:22 CST 2021]
This is from commons-jdk14logger.properties: 较详细: name = JMImplementation:type=MBeanServerDelegate [星期二 十二月 28 17:07:23 CST 2021]
This is from commons-jdk14logger.properties: 较详细: Send create notification of object JMImplementation:type=MBeanServerDelegate [星期二 十二月 28 17:07:23 CST 2021]
This is from commons-jdk14logger.properties: 较详细: JMX.mbean.registered JMImplementation:type=MBeanServerDelegate [星期二 十二月 28 17:07:23 CST 2021]
This is from commons-jdk14logger.properties: 较详细:  name = java.lang:type=ClassLoading [星期二 十二月 28 17:07:23 CST 2021]
This is from commons-jdk14logger.properties: 较详细: Building MBeanInfo for sun.management.ClassLoadingImpl [星期二 十二月 28 17:07:23 CST 2021]
This is from commons-jdk14logger.properties: 较详细: ObjectName = java.lang:type=ClassLoading [星期二 十二月 28 17:07:23 CST 2021]
This is from commons-jdk14logger.properties: 较详细: name = java.lang:type=ClassLoading [星期二 十二月 28 17:07:23 CST 2021]
This is from commons-jdk14logger.properties: 较详细: Send create notification of object java.lang:type=ClassLoading [星期二 十二月 28 17:07:23 CST 2021]
This is from commons-jdk14logger.properties: 较详细: JMX.mbean.registered java.lang:type=ClassLoading [星期二 十二月 28 17:07:23 CST 2021]
This is from commons-jdk14logger.properties: 较详细:  name = java.lang:type=Compilation [星期二 十二月 28 17:07:23 CST 2021]
This is from commons-jdk14logger.properties: 较详细: Building MBeanInfo for sun.management.CompilationImpl [星期二 十二月 28 17:07:23 CST 2021]
This is from commons-jdk14logger.properties: 较详细: ObjectName = java.lang:type=Compilation [星期二 十二月 28 17:07:23 CST 2021]
This is from commons-jdk14logger.properties: 较详细: name = java.lang:type=Compilation [星期二 十二月 28 17:07:23 CST 2021]
This is from commons-jdk14logger.properties: 较详细: Send create notification of object java.lang:type=Compilation [星期二 十二月 28 17:07:23 CST 2021]
This is from commons-jdk14logger.properties: 较详细: JMX.mbean.registered java.lang:type=Compilation [星期二 十二月 28 17:07:23 CST 2021]
This is from commons-jdk14logger.properties: 较详细:  name = java.lang:type=Memory [星期二 十二月 28 17:07:23 CST 2021]
This is from commons-jdk14logger.properties: 较详细: Building MBeanInfo for sun.management.MemoryImpl [星期二 十二月 28 17:07:23 CST 2021]
This is from commons-jdk14logger.properties: 较详细: ObjectName = java.lang:type=Memory [星期二 十二月 28 17:07:23 CST 2021]
This is from commons-jdk14logger.properties: 较详细: name = java.lang:type=Memory [星期二 十二月 28 17:07:23 CST 2021]
This is from commons-jdk14logger.properties: 较详细: Send create notification of object java.lang:type=Memory [星期二 十二月 28 17:07:23 CST 2021]
This is from commons-jdk14logger.properties: 较详细: JMX.mbean.registered java.lang:type=Memory [星期二 十二月 28 17:07:23 CST 2021]
This is from commons-jdk14logger.properties: 较详细:  name = java.lang:type=GarbageCollector,name=PS Scavenge [星期二 十二月 28 17:07:23 CST 2021]
This is from commons-jdk14logger.properties: 较详细: Building MBeanInfo for sun.management.GarbageCollectorImpl [星期二 十二月 28 17:07:23 CST 2021]
This is from commons-jdk14logger.properties: 较详细: ObjectName = java.lang:type=GarbageCollector,name=PS Scavenge [星期二 十二月 28 17:07:23 CST 2021]
This is from commons-jdk14logger.properties: 较详细: name = java.lang:type=GarbageCollector,name=PS Scavenge [星期二 十二月 28 17:07:23 CST 2021]
This is from commons-jdk14logger.properties: 较详细: Send create notification of object java.lang:name=PS Scavenge,type=GarbageCollector [星期二 十二月 28 17:07:23 CST 2021]
This is from commons-jdk14logger.properties: 较详细: JMX.mbean.registered java.lang:type=GarbageCollector,name=PS Scavenge [星期二 十二月 28 17:07:23 CST 2021]
This is from commons-jdk14logger.properties: 较详细:  name = java.lang:type=GarbageCollector,name=PS MarkSweep [星期二 十二月 28 17:07:23 CST 2021]
This is from commons-jdk14logger.properties: 较详细: Building MBeanInfo for sun.management.GarbageCollectorImpl [星期二 十二月 28 17:07:23 CST 2021]
This is from commons-jdk14logger.properties: 较详细: ObjectName = java.lang:type=GarbageCollector,name=PS MarkSweep [星期二 十二月 28 17:07:23 CST 2021]
This is from commons-jdk14logger.properties: 较详细: name = java.lang:type=GarbageCollector,name=PS MarkSweep [星期二 十二月 28 17:07:23 CST 2021]
This is from commons-jdk14logger.properties: 较详细: Send create notification of object java.lang:name=PS MarkSweep,type=GarbageCollector [星期二 十二月 28 17:07:23 CST 2021]
This is from commons-jdk14logger.properties: 较详细: JMX.mbean.registered java.lang:type=GarbageCollector,name=PS MarkSweep [星期二 十二月 28 17:07:23 CST 2021]
This is from commons-jdk14logger.properties: 较详细:  name = java.lang:type=MemoryManager,name=CodeCacheManager [星期二 十二月 28 17:07:23 CST 2021]
This is from commons-jdk14logger.properties: 较详细: Building MBeanInfo for sun.management.MemoryManagerImpl [星期二 十二月 28 17:07:23 CST 2021]
This is from commons-jdk14logger.properties: 较详细: ObjectName = java.lang:type=MemoryManager,name=CodeCacheManager [星期二 十二月 28 17:07:23 CST 2021]
This is from commons-jdk14logger.properties: 较详细: name = java.lang:type=MemoryManager,name=CodeCacheManager [星期二 十二月 28 17:07:23 CST 2021]
This is from commons-jdk14logger.properties: 较详细: Send create notification of object java.lang:name=CodeCacheManager,type=MemoryManager [星期二 十二月 28 17:07:23 CST 2021]
This is from commons-jdk14logger.properties: 较详细: JMX.mbean.registered java.lang:type=MemoryManager,name=CodeCacheManager [星期二 十二月 28 17:07:23 CST 2021]
This is from commons-jdk14logger.properties: 较详细:  name = java.lang:type=MemoryManager,name=Metaspace Manager [星期二 十二月 28 17:07:23 CST 2021]
This is from commons-jdk14logger.properties: 较详细: Building MBeanInfo for sun.management.MemoryManagerImpl [星期二 十二月 28 17:07:23 CST 2021]
This is from commons-jdk14logger.properties: 较详细: ObjectName = java.lang:type=MemoryManager,name=Metaspace Manager [星期二 十二月 28 17:07:23 CST 2021]
This is from commons-jdk14logger.properties: 较详细: name = java.lang:type=MemoryManager,name=Metaspace Manager [星期二 十二月 28 17:07:23 CST 2021]
This is from commons-jdk14logger.properties: 较详细: Send create notification of object java.lang:name=Metaspace Manager,type=MemoryManager [星期二 十二月 28 17:07:23 CST 2021]
This is from commons-jdk14logger.properties: 较详细: JMX.mbean.registered java.lang:type=MemoryManager,name=Metaspace Manager [星期二 十二月 28 17:07:23 CST 2021]
This is from commons-jdk14logger.properties: 较详细:  name = java.lang:type=GarbageCollector,name=PS Scavenge [星期二 十二月 28 17:07:23 CST 2021]
This is from commons-jdk14logger.properties: 较详细:  name = java.lang:type=GarbageCollector,name=PS MarkSweep [星期二 十二月 28 17:07:23 CST 2021]
This is from commons-jdk14logger.properties: 较详细:  name = java.lang:type=MemoryPool,name=Code Cache [星期二 十二月 28 17:07:23 CST 2021]
This is from commons-jdk14logger.properties: 较详细: Building MBeanInfo for sun.management.MemoryPoolImpl [星期二 十二月 28 17:07:23 CST 2021]
This is from commons-jdk14logger.properties: 较详细: ObjectName = java.lang:type=MemoryPool,name=Code Cache [星期二 十二月 28 17:07:23 CST 2021]
This is from commons-jdk14logger.properties: 较详细: name = java.lang:type=MemoryPool,name=Code Cache [星期二 十二月 28 17:07:23 CST 2021]
This is from commons-jdk14logger.properties: 较详细: Send create notification of object java.lang:name=Code Cache,type=MemoryPool [星期二 十二月 28 17:07:23 CST 2021]
This is from commons-jdk14logger.properties: 较详细: JMX.mbean.registered java.lang:type=MemoryPool,name=Code Cache [星期二 十二月 28 17:07:23 CST 2021]
This is from commons-jdk14logger.properties: 较详细:  name = java.lang:type=MemoryPool,name=Metaspace [星期二 十二月 28 17:07:23 CST 2021]
This is from commons-jdk14logger.properties: 较详细: Building MBeanInfo for sun.management.MemoryPoolImpl [星期二 十二月 28 17:07:23 CST 2021]
This is from commons-jdk14logger.properties: 较详细: ObjectName = java.lang:type=MemoryPool,name=Metaspace [星期二 十二月 28 17:07:23 CST 2021]
This is from commons-jdk14logger.properties: 较详细: name = java.lang:type=MemoryPool,name=Metaspace [星期二 十二月 28 17:07:23 CST 2021]
This is from commons-jdk14logger.properties: 较详细: Send create notification of object java.lang:name=Metaspace,type=MemoryPool [星期二 十二月 28 17:07:23 CST 2021]
This is from commons-jdk14logger.properties: 较详细: JMX.mbean.registered java.lang:type=MemoryPool,name=Metaspace [星期二 十二月 28 17:07:23 CST 2021]
This is from commons-jdk14logger.properties: 较详细:  name = java.lang:type=MemoryPool,name=Compressed Class Space [星期二 十二月 28 17:07:23 CST 2021]
This is from commons-jdk14logger.properties: 较详细: Building MBeanInfo for sun.management.MemoryPoolImpl [星期二 十二月 28 17:07:23 CST 2021]
This is from commons-jdk14logger.properties: 较详细: ObjectName = java.lang:type=MemoryPool,name=Compressed Class Space [星期二 十二月 28 17:07:23 CST 2021]
This is from commons-jdk14logger.properties: 较详细: name = java.lang:type=MemoryPool,name=Compressed Class Space [星期二 十二月 28 17:07:23 CST 2021]
This is from commons-jdk14logger.properties: 较详细: Send create notification of object java.lang:name=Compressed Class Space,type=MemoryPool [星期二 十二月 28 17:07:23 CST 2021]
This is from commons-jdk14logger.properties: 较详细: JMX.mbean.registered java.lang:type=MemoryPool,name=Compressed Class Space [星期二 十二月 28 17:07:23 CST 2021]
This is from commons-jdk14logger.properties: 较详细:  name = java.lang:type=MemoryPool,name=PS Eden Space [星期二 十二月 28 17:07:23 CST 2021]
This is from commons-jdk14logger.properties: 较详细: Building MBeanInfo for sun.management.MemoryPoolImpl [星期二 十二月 28 17:07:23 CST 2021]
This is from commons-jdk14logger.properties: 较详细: ObjectName = java.lang:type=MemoryPool,name=PS Eden Space [星期二 十二月 28 17:07:23 CST 2021]
This is from commons-jdk14logger.properties: 较详细: name = java.lang:type=MemoryPool,name=PS Eden Space [星期二 十二月 28 17:07:23 CST 2021]
This is from commons-jdk14logger.properties: 较详细: Send create notification of object java.lang:name=PS Eden Space,type=MemoryPool [星期二 十二月 28 17:07:23 CST 2021]
This is from commons-jdk14logger.properties: 较详细: JMX.mbean.registered java.lang:type=MemoryPool,name=PS Eden Space [星期二 十二月 28 17:07:23 CST 2021]
This is from commons-jdk14logger.properties: 较详细:  name = java.lang:type=MemoryPool,name=PS Survivor Space [星期二 十二月 28 17:07:23 CST 2021]
This is from commons-jdk14logger.properties: 较详细: Building MBeanInfo for sun.management.MemoryPoolImpl [星期二 十二月 28 17:07:23 CST 2021]
This is from commons-jdk14logger.properties: 较详细: ObjectName = java.lang:type=MemoryPool,name=PS Survivor Space [星期二 十二月 28 17:07:23 CST 2021]
This is from commons-jdk14logger.properties: 较详细: name = java.lang:type=MemoryPool,name=PS Survivor Space [星期二 十二月 28 17:07:23 CST 2021]
This is from commons-jdk14logger.properties: 较详细: Send create notification of object java.lang:name=PS Survivor Space,type=MemoryPool [星期二 十二月 28 17:07:23 CST 2021]
This is from commons-jdk14logger.properties: 较详细: JMX.mbean.registered java.lang:type=MemoryPool,name=PS Survivor Space [星期二 十二月 28 17:07:23 CST 2021]
This is from commons-jdk14logger.properties: 较详细:  name = java.lang:type=MemoryPool,name=PS Old Gen [星期二 十二月 28 17:07:23 CST 2021]
This is from commons-jdk14logger.properties: 较详细: Building MBeanInfo for sun.management.MemoryPoolImpl [星期二 十二月 28 17:07:23 CST 2021]
This is from commons-jdk14logger.properties: 较详细: ObjectName = java.lang:type=MemoryPool,name=PS Old Gen [星期二 十二月 28 17:07:23 CST 2021]
This is from commons-jdk14logger.properties: 较详细: name = java.lang:type=MemoryPool,name=PS Old Gen [星期二 十二月 28 17:07:23 CST 2021]
This is from commons-jdk14logger.properties: 较详细: Send create notification of object java.lang:name=PS Old Gen,type=MemoryPool [星期二 十二月 28 17:07:23 CST 2021]
This is from commons-jdk14logger.properties: 较详细: JMX.mbean.registered java.lang:type=MemoryPool,name=PS Old Gen [星期二 十二月 28 17:07:23 CST 2021]
This is from commons-jdk14logger.properties: 较详细:  name = java.lang:type=OperatingSystem [星期二 十二月 28 17:07:23 CST 2021]
This is from commons-jdk14logger.properties: 较详细: Building MBeanInfo for sun.management.OperatingSystemImpl [星期二 十二月 28 17:07:23 CST 2021]
This is from commons-jdk14logger.properties: 较详细: ObjectName = java.lang:type=OperatingSystem [星期二 十二月 28 17:07:23 CST 2021]
This is from commons-jdk14logger.properties: 较详细: name = java.lang:type=OperatingSystem [星期二 十二月 28 17:07:23 CST 2021]
This is from commons-jdk14logger.properties: 较详细: Send create notification of object java.lang:type=OperatingSystem [星期二 十二月 28 17:07:23 CST 2021]
This is from commons-jdk14logger.properties: 较详细: JMX.mbean.registered java.lang:type=OperatingSystem [星期二 十二月 28 17:07:23 CST 2021]
This is from commons-jdk14logger.properties: 较详细:  name = java.lang:type=Runtime [星期二 十二月 28 17:07:23 CST 2021]
This is from commons-jdk14logger.properties: 较详细: Building MBeanInfo for sun.management.RuntimeImpl [星期二 十二月 28 17:07:23 CST 2021]
This is from commons-jdk14logger.properties: 较详细: ObjectName = java.lang:type=Runtime [星期二 十二月 28 17:07:23 CST 2021]
This is from commons-jdk14logger.properties: 较详细: name = java.lang:type=Runtime [星期二 十二月 28 17:07:23 CST 2021]
This is from commons-jdk14logger.properties: 较详细: Send create notification of object java.lang:type=Runtime [星期二 十二月 28 17:07:23 CST 2021]
This is from commons-jdk14logger.properties: 较详细: JMX.mbean.registered java.lang:type=Runtime [星期二 十二月 28 17:07:23 CST 2021]
This is from commons-jdk14logger.properties: 较详细:  name = java.lang:type=Threading [星期二 十二月 28 17:07:23 CST 2021]
This is from commons-jdk14logger.properties: 较详细: Building MBeanInfo for sun.management.ThreadImpl [星期二 十二月 28 17:07:23 CST 2021]
This is from commons-jdk14logger.properties: 较详细: ObjectName = java.lang:type=Threading [星期二 十二月 28 17:07:23 CST 2021]
This is from commons-jdk14logger.properties: 较详细: name = java.lang:type=Threading [星期二 十二月 28 17:07:23 CST 2021]
This is from commons-jdk14logger.properties: 较详细: Send create notification of object java.lang:type=Threading [星期二 十二月 28 17:07:23 CST 2021]
This is from commons-jdk14logger.properties: 较详细: JMX.mbean.registered java.lang:type=Threading [星期二 十二月 28 17:07:23 CST 2021]
This is from commons-jdk14logger.properties: 较详细:  name = java.util.logging:type=Logging [星期二 十二月 28 17:07:23 CST 2021]
This is from commons-jdk14logger.properties: 较详细: Building MBeanInfo for sun.management.ManagementFactoryHelper$PlatformLoggingImpl [星期二 十二月 28 17:07:23 CST 2021]
This is from commons-jdk14logger.properties: 较详细: ObjectName = java.util.logging:type=Logging [星期二 十二月 28 17:07:23 CST 2021]
This is from commons-jdk14logger.properties: 较详细: name = java.util.logging:type=Logging [星期二 十二月 28 17:07:23 CST 2021]
This is from commons-jdk14logger.properties: 较详细: Send create notification of object java.util.logging:type=Logging [星期二 十二月 28 17:07:23 CST 2021]
This is from commons-jdk14logger.properties: 较详细: JMX.mbean.registered java.util.logging:type=Logging [星期二 十二月 28 17:07:23 CST 2021]
This is from commons-jdk14logger.properties: 较详细:  name = java.nio:type=BufferPool,name=direct [星期二 十二月 28 17:07:23 CST 2021]
This is from commons-jdk14logger.properties: 较详细: Building MBeanInfo for sun.management.ManagementFactoryHelper$1 [星期二 十二月 28 17:07:23 CST 2021]
This is from commons-jdk14logger.properties: 较详细: ObjectName = java.nio:type=BufferPool,name=direct [星期二 十二月 28 17:07:23 CST 2021]
This is from commons-jdk14logger.properties: 较详细: name = java.nio:type=BufferPool,name=direct [星期二 十二月 28 17:07:23 CST 2021]
This is from commons-jdk14logger.properties: 较详细: Send create notification of object java.nio:name=direct,type=BufferPool [星期二 十二月 28 17:07:23 CST 2021]
This is from commons-jdk14logger.properties: 较详细: JMX.mbean.registered java.nio:type=BufferPool,name=direct [星期二 十二月 28 17:07:23 CST 2021]
This is from commons-jdk14logger.properties: 较详细:  name = java.nio:type=BufferPool,name=mapped [星期二 十二月 28 17:07:23 CST 2021]
This is from commons-jdk14logger.properties: 较详细: Building MBeanInfo for sun.management.ManagementFactoryHelper$1 [星期二 十二月 28 17:07:23 CST 2021]
This is from commons-jdk14logger.properties: 较详细: ObjectName = java.nio:type=BufferPool,name=mapped [星期二 十二月 28 17:07:23 CST 2021]
This is from commons-jdk14logger.properties: 较详细: name = java.nio:type=BufferPool,name=mapped [星期二 十二月 28 17:07:23 CST 2021]
This is from commons-jdk14logger.properties: 较详细: Send create notification of object java.nio:name=mapped,type=BufferPool [星期二 十二月 28 17:07:23 CST 2021]
This is from commons-jdk14logger.properties: 较详细: JMX.mbean.registered java.nio:type=BufferPool,name=mapped [星期二 十二月 28 17:07:23 CST 2021]
This is from commons-jdk14logger.properties: 较详细:  name = java.lang:type=GarbageCollector,name=PS Scavenge [星期二 十二月 28 17:07:23 CST 2021]
This is from commons-jdk14logger.properties: 较详细:  name = java.lang:type=GarbageCollector,name=PS MarkSweep [星期二 十二月 28 17:07:23 CST 2021]
This is from commons-jdk14logger.properties: 较详细:  name = java.lang:type=OperatingSystem [星期二 十二月 28 17:07:23 CST 2021]
This is from commons-jdk14logger.properties: 较详细:  name = java.lang:type=OperatingSystem [星期二 十二月 28 17:07:23 CST 2021]
This is from commons-jdk14logger.properties: 较详细:  name = com.sun.management:type=HotSpotDiagnostic [星期二 十二月 28 17:07:23 CST 2021]
This is from commons-jdk14logger.properties: 较详细: Building MBeanInfo for sun.management.HotSpotDiagnostic [星期二 十二月 28 17:07:23 CST 2021]
This is from commons-jdk14logger.properties: 较详细: ObjectName = com.sun.management:type=HotSpotDiagnostic [星期二 十二月 28 17:07:23 CST 2021]
This is from commons-jdk14logger.properties: 较详细: name = com.sun.management:type=HotSpotDiagnostic [星期二 十二月 28 17:07:23 CST 2021]
This is from commons-jdk14logger.properties: 较详细: Send create notification of object com.sun.management:type=HotSpotDiagnostic [星期二 十二月 28 17:07:23 CST 2021]
This is from commons-jdk14logger.properties: 较详细: JMX.mbean.registered com.sun.management:type=HotSpotDiagnostic [星期二 十二月 28 17:07:23 CST 2021]
This is from commons-jdk14logger.properties: 较详细: ObjectName = com.sun.management:type=DiagnosticCommand [星期二 十二月 28 17:07:23 CST 2021]
This is from commons-jdk14logger.properties: 较详细: name = com.sun.management:type=DiagnosticCommand [星期二 十二月 28 17:07:23 CST 2021]
This is from commons-jdk14logger.properties: 较详细: Send create notification of object com.sun.management:type=DiagnosticCommand [星期二 十二月 28 17:07:23 CST 2021]
This is from commons-jdk14logger.properties: 较详细: JMX.mbean.registered com.sun.management:type=DiagnosticCommand [星期二 十二月 28 17:07:23 CST 2021]
This is from commons-jdk14logger.properties: 较详细:  name = jdk.management.jfr:type=FlightRecorder [星期二 十二月 28 17:07:23 CST 2021]
This is from commons-jdk14logger.properties: 较详细: Building MBeanInfo for jdk.management.jfr.FlightRecorderMXBeanImpl [星期二 十二月 28 17:07:23 CST 2021]
This is from commons-jdk14logger.properties: 较详细: ObjectName = jdk.management.jfr:type=FlightRecorder [星期二 十二月 28 17:07:23 CST 2021]
This is from commons-jdk14logger.properties: 较详细: name = jdk.management.jfr:type=FlightRecorder [星期二 十二月 28 17:07:23 CST 2021]
This is from commons-jdk14logger.properties: 较详细: Send create notification of object jdk.management.jfr:type=FlightRecorder [星期二 十二月 28 17:07:23 CST 2021]
This is from commons-jdk14logger.properties: 较详细: JMX.mbean.registered jdk.management.jfr:type=FlightRecorder [星期二 十二月 28 17:07:23 CST 2021]
This is from commons-jdk14logger.properties: 较详细:  name = org.apache.logging.log4j2:type=18b4aac2 [星期二 十二月 28 17:07:23 CST 2021]
This is from commons-jdk14logger.properties: 较详细: ObjectName = org.apache.logging.log4j2:type=18b4aac2 [星期二 十二月 28 17:07:23 CST 2021]
This is from commons-jdk14logger.properties: 较详细: name = org.apache.logging.log4j2:type=18b4aac2 [星期二 十二月 28 17:07:23 CST 2021]
This is from commons-jdk14logger.properties: 较详细: Send create notification of object org.apache.logging.log4j2:type=18b4aac2 [星期二 十二月 28 17:07:23 CST 2021]
This is from commons-jdk14logger.properties: 较详细: JMX.mbean.registered org.apache.logging.log4j2:type=18b4aac2 [星期二 十二月 28 17:07:23 CST 2021]
This is from commons-jdk14logger.properties: 较详细:  name = org.apache.logging.log4j2:type=18b4aac2,component=StatusLogger [星期二 十二月 28 17:07:23 CST 2021]
This is from commons-jdk14logger.properties: 较详细: ObjectName = org.apache.logging.log4j2:type=18b4aac2,component=StatusLogger [星期二 十二月 28 17:07:23 CST 2021]
This is from commons-jdk14logger.properties: 较详细: name = org.apache.logging.log4j2:type=18b4aac2,component=StatusLogger [星期二 十二月 28 17:07:23 CST 2021]
This is from commons-jdk14logger.properties: 较详细: Send create notification of object org.apache.logging.log4j2:component=StatusLogger,type=18b4aac2 [星期二 十二月 28 17:07:23 CST 2021]
This is from commons-jdk14logger.properties: 较详细: JMX.mbean.registered org.apache.logging.log4j2:type=18b4aac2,component=StatusLogger [星期二 十二月 28 17:07:23 CST 2021]
This is from commons-jdk14logger.properties: 较详细:  name = org.apache.logging.log4j2:type=18b4aac2,component=ContextSelector [星期二 十二月 28 17:07:23 CST 2021]
This is from commons-jdk14logger.properties: 较详细: ObjectName = org.apache.logging.log4j2:type=18b4aac2,component=ContextSelector [星期二 十二月 28 17:07:23 CST 2021]
This is from commons-jdk14logger.properties: 较详细: name = org.apache.logging.log4j2:type=18b4aac2,component=ContextSelector [星期二 十二月 28 17:07:23 CST 2021]
This is from commons-jdk14logger.properties: 较详细: Send create notification of object org.apache.logging.log4j2:component=ContextSelector,type=18b4aac2 [星期二 十二月 28 17:07:23 CST 2021]
This is from commons-jdk14logger.properties: 较详细: JMX.mbean.registered org.apache.logging.log4j2:type=18b4aac2,component=ContextSelector [星期二 十二月 28 17:07:23 CST 2021]
This is from commons-jdk14logger.properties: 较详细:  name = org.apache.logging.log4j2:type=18b4aac2,component=Loggers,name= [星期二 十二月 28 17:07:23 CST 2021]
This is from commons-jdk14logger.properties: 较详细: ObjectName = org.apache.logging.log4j2:type=18b4aac2,component=Loggers,name= [星期二 十二月 28 17:07:23 CST 2021]
This is from commons-jdk14logger.properties: 较详细: name = org.apache.logging.log4j2:type=18b4aac2,component=Loggers,name= [星期二 十二月 28 17:07:23 CST 2021]
This is from commons-jdk14logger.properties: 较详细: Send create notification of object org.apache.logging.log4j2:component=Loggers,name=,type=18b4aac2 [星期二 十二月 28 17:07:23 CST 2021]
This is from commons-jdk14logger.properties: 较详细: JMX.mbean.registered org.apache.logging.log4j2:type=18b4aac2,component=Loggers,name= [星期二 十二月 28 17:07:23 CST 2021]
This is from commons-jdk14logger.properties: 较详细:  name = org.apache.logging.log4j2:type=18b4aac2,component=Appenders,name=Console [星期二 十二月 28 17:07:23 CST 2021]
This is from commons-jdk14logger.properties: 较详细: ObjectName = org.apache.logging.log4j2:type=18b4aac2,component=Appenders,name=Console [星期二 十二月 28 17:07:23 CST 2021]
This is from commons-jdk14logger.properties: 较详细: name = org.apache.logging.log4j2:type=18b4aac2,component=Appenders,name=Console [星期二 十二月 28 17:07:23 CST 2021]
This is from commons-jdk14logger.properties: 较详细: Send create notification of object org.apache.logging.log4j2:component=Appenders,name=Console,type=18b4aac2 [星期二 十二月 28 17:07:23 CST 2021]
This is from commons-jdk14logger.properties: 较详细: JMX.mbean.registered org.apache.logging.log4j2:type=18b4aac2,component=Appenders,name=Console [星期二 十二月 28 17:07:23 CST 2021]
