2021-12-23 23:45:17 Log4jLegacy.java DEBUG Debug Level
2021-12-23 23:45:17 Log4jLegacy.java INFO Info Level
2021-12-23 23:45:17 Log4jLegacy.java WARN Warn Level
2021-12-23 23:45:17 Log4jLegacy.java ERROR Error Level
2021-12-23 23:45:26 Log4jLegacy.java DEBUG Debug Level
2021-12-23 23:45:26 Log4jLegacy.java INFO Info Level
2021-12-23 23:45:26 Log4jLegacy.java WARN Warn Level
2021-12-23 23:45:26 Log4jLegacy.java ERROR Error Level
This is from log4j.properties: 2021-12-28 12:23:18 Log4jLegacy.java DEBUG Debug Level
This is from log4j.properties: 2021-12-28 12:23:18 Log4jLegacy.java INFO Info Level
This is from log4j.properties: 2021-12-28 12:23:18 Log4jLegacy.java WARN Warn Level
This is from log4j.properties: 2021-12-28 12:23:18 Log4jLegacy.java ERROR Error Level
This is from log4j.properties: 2021-12-28 21:19:39 Log4jLegacy.java DEBUG Debug Level
This is from log4j.properties: 2021-12-28 21:19:39 Log4jLegacy.java INFO Info Level
This is from log4j.properties: 2021-12-28 21:19:39 Log4jLegacy.java WARN Warn Level
This is from log4j.properties: 2021-12-28 21:19:39 Log4jLegacy.java ERROR Error Level
This is from log4j.properties: 2021-12-28 21:20:10 Log4jLegacy.java DEBUG Debug Level
This is from log4j.properties: 2021-12-28 21:20:10 Log4jLegacy.java INFO Info Level
This is from log4j.properties: 2021-12-28 21:20:10 Log4jLegacy.java WARN Warn Level
This is from log4j.properties: 2021-12-28 21:20:10 Log4jLegacy.java ERROR Error Level
