2021-12-23 23:43:59 Log4jLegacy.java WARN Warn Level
2021-12-23 23:43:59 Log4jLegacy.java ERROR Error Level
2021-12-23 23:44:19 Log4jLegacy.java WARN Warn Level
2021-12-23 23:44:19 Log4jLegacy.java ERROR Error Level
2021-12-27 15:53:50 CommonsLogging.java WARN Warn Level
2021-12-27 15:53:50 CommonsLogging.java ERROR Error Level
2021-12-27 15:54:41 CommonsLogging.java WARN Warn Level
2021-12-27 15:54:41 CommonsLogging.java ERROR Error Level
2021-12-27 15:55:20 CommonsLogging.java WARN Warn Level
2021-12-27 15:55:20 CommonsLogging.java ERROR Error Level
2021-12-27 16:00:32 CommonsLogging.java WARN Warn Level
2021-12-27 16:00:32 CommonsLogging.java ERROR Error Level
2021-12-27 16:01:06 CommonsLogging.java WARN Warn Level
2021-12-27 16:01:06 CommonsLogging.java ERROR Error Level
2021-12-27 16:03:09 CommonsLogging.java WARN Warn Level
2021-12-27 16:03:09 CommonsLogging.java ERROR Error Level
2021-12-27 16:03:17 CommonsLogging.java WARN Warn Level
2021-12-27 16:03:17 CommonsLogging.java ERROR Error Level
2021-12-27 16:03:25 CommonsLogging.java WARN Warn Level
2021-12-27 16:03:25 CommonsLogging.java ERROR Error Level
2021-12-27 16:03:43 CommonsLogging.java WARN Warn Level
2021-12-27 16:03:43 CommonsLogging.java ERROR Error Level
2021-12-27 16:04:24 CommonsLogging.java WARN Warn Level
2021-12-27 16:04:24 CommonsLogging.java ERROR Error Level
2021-12-27 16:05:03 CommonsLogging.java WARN Warn Level
2021-12-27 16:05:03 CommonsLogging.java ERROR Error Level
2021-12-27 16:08:03 CommonsLogging.java WARN Warn Level
2021-12-27 16:08:03 CommonsLogging.java ERROR Error Level
2021-12-27 16:09:32 CommonsLogging.java WARN Warn Level
2021-12-27 16:09:32 CommonsLogging.java ERROR Error Level
2021-12-27 16:10:00 CommonsLogging.java WARN Warn Level
2021-12-27 16:10:00 CommonsLogging.java ERROR Error Level
2021-12-27 16:12:00 CommonsLogging.java WARN Warn Level
2021-12-27 16:12:00 CommonsLogging.java ERROR Error Level
2021-12-27 16:12:53 CommonsLogging.java WARN Warn Level
2021-12-27 16:12:53 CommonsLogging.java ERROR Error Level
2021-12-27 16:13:23 CommonsLogging.java WARN Warn Level
2021-12-27 16:13:23 CommonsLogging.java ERROR Error Level
2021-12-27 16:15:23 CommonsLogging.java WARN Warn Level
2021-12-27 16:15:23 CommonsLogging.java ERROR Error Level
2021-12-27 16:18:23 CommonsLogging.java WARN Warn Level
2021-12-27 16:18:23 CommonsLogging.java ERROR Error Level
2021-12-27 16:20:02 CommonsLogging.java WARN Warn Level
2021-12-27 16:20:02 CommonsLogging.java ERROR Error Level
2021-12-27 16:20:21 CommonsLogging.java WARN Warn Level
2021-12-27 16:20:21 CommonsLogging.java ERROR Error Level
2021-12-27 16:20:33 CommonsLogging.java WARN Warn Level
2021-12-27 16:20:33 CommonsLogging.java ERROR Error Level
2021-12-27 16:20:55 CommonsLogging.java WARN Warn Level
2021-12-27 16:20:55 CommonsLogging.java ERROR Error Level
2021-12-27 16:21:44 CommonsLogging.java WARN Warn Level
2021-12-27 16:21:44 CommonsLogging.java ERROR Error Level
2021-12-27 16:29:33 CommonsLogging.java WARN Warn Level
2021-12-27 16:29:33 CommonsLogging.java ERROR Error Level
2021-12-27 16:29:46 CommonsLogging.java WARN Warn Level
2021-12-27 16:29:46 CommonsLogging.java ERROR Error Level
2021-12-27 16:29:55 CommonsLogging.java WARN Warn Level
2021-12-27 16:29:55 CommonsLogging.java ERROR Error Level
2021-12-27 16:30:02 CommonsLogging.java WARN Warn Level
2021-12-27 16:30:02 CommonsLogging.java ERROR Error Level
2021-12-27 17:36:07 CommonsLoggingLog4j.java WARN Warn Level
2021-12-27 17:36:07 CommonsLoggingLog4j.java ERROR Error Level
2021-12-27 17:36:19 CommonsLoggingLog4j.java WARN Warn Level
2021-12-27 17:36:19 CommonsLoggingLog4j.java ERROR Error Level
2021-12-27 17:36:40 CommonsLoggingLog4j.java TRACE Trace Level
2021-12-27 17:36:40 CommonsLoggingLog4j.java DEBUG Debug Level
2021-12-27 17:36:40 CommonsLoggingLog4j.java INFO Info Level
2021-12-27 17:36:40 CommonsLoggingLog4j.java WARN Warn Level
2021-12-27 17:36:40 CommonsLoggingLog4j.java ERROR Error Level
2021-12-27 17:41:35 CommonsLoggingLog4j.java TRACE Trace Level
2021-12-27 17:41:35 CommonsLoggingLog4j.java DEBUG Debug Level
2021-12-27 17:41:35 CommonsLoggingLog4j.java INFO Info Level
2021-12-27 17:41:35 CommonsLoggingLog4j.java WARN Warn Level
2021-12-27 17:41:35 CommonsLoggingLog4j.java ERROR Error Level
2021-12-27 17:41:40 CommonsLoggingLog4j.java TRACE Trace Level
2021-12-27 17:41:40 CommonsLoggingLog4j.java DEBUG Debug Level
2021-12-27 17:41:40 CommonsLoggingLog4j.java INFO Info Level
2021-12-27 17:41:40 CommonsLoggingLog4j.java WARN Warn Level
2021-12-27 17:41:40 CommonsLoggingLog4j.java ERROR Error Level
2021-12-27 17:42:19 CommonsLoggingLog4j.java TRACE Trace Level
2021-12-27 17:42:19 CommonsLoggingLog4j.java DEBUG Debug Level
2021-12-27 17:42:19 CommonsLoggingLog4j.java INFO Info Level
2021-12-27 17:42:19 CommonsLoggingLog4j.java WARN Warn Level
2021-12-27 17:42:19 CommonsLoggingLog4j.java ERROR Error Level
2021-12-27 17:42:36 CommonsLoggingLog4j.java TRACE Trace Level
2021-12-27 17:42:36 CommonsLoggingLog4j.java DEBUG Debug Level
2021-12-27 17:42:36 CommonsLoggingLog4j.java INFO Info Level
2021-12-27 17:42:36 CommonsLoggingLog4j.java WARN Warn Level
2021-12-27 17:42:36 CommonsLoggingLog4j.java ERROR Error Level
2021-12-27 17:43:28 CommonsLoggingLog4j.java TRACE Trace Level
2021-12-27 17:43:28 CommonsLoggingLog4j.java DEBUG Debug Level
2021-12-27 17:43:28 CommonsLoggingLog4j.java INFO Info Level
2021-12-27 17:43:28 CommonsLoggingLog4j.java WARN Warn Level
2021-12-27 17:43:28 CommonsLoggingLog4j.java ERROR Error Level
2021-12-27 17:45:20 CommonsLoggingLog4j.java TRACE Trace Level
2021-12-27 17:45:20 CommonsLoggingLog4j.java DEBUG Debug Level
2021-12-27 17:45:20 CommonsLoggingLog4j.java INFO Info Level
2021-12-27 17:45:20 CommonsLoggingLog4j.java WARN Warn Level
2021-12-27 17:45:20 CommonsLoggingLog4j.java ERROR Error Level
2021-12-27 18:00:09 CommonsLoggingLog4j.java TRACE Trace Level
2021-12-27 18:00:09 CommonsLoggingLog4j.java DEBUG Debug Level
2021-12-27 18:00:09 CommonsLoggingLog4j.java INFO Info Level
2021-12-27 18:00:09 CommonsLoggingLog4j.java WARN Warn Level
2021-12-27 18:00:09 CommonsLoggingLog4j.java ERROR Error Level
2021-12-27 23:53:03 Slf4jJdk.java TRACE Trace Level
2021-12-27 23:53:03 Slf4jJdk.java DEBUG Debug Level
2021-12-27 23:53:03 Slf4jJdk.java INFO Info Level
2021-12-27 23:53:03 Slf4jJdk.java WARN Warn Level
2021-12-27 23:53:03 Slf4jJdk.java ERROR Error Level
2021-12-27 23:55:30 Slf4jJdk.java TRACE Trace Level
2021-12-27 23:55:30 Slf4jJdk.java DEBUG Debug Level
2021-12-27 23:55:30 Slf4jJdk.java INFO Info Level
2021-12-27 23:55:30 Slf4jJdk.java WARN Warn Level
2021-12-27 23:55:30 Slf4jJdk.java ERROR Error Level
2021-12-27 23:58:19 Slf4jJdk.java TRACE Trace Level
2021-12-27 23:58:19 Slf4jJdk.java DEBUG Debug Level
2021-12-27 23:58:19 Slf4jJdk.java INFO Info Level
2021-12-27 23:58:19 Slf4jJdk.java WARN Warn Level
2021-12-27 23:58:19 Slf4jJdk.java ERROR Error Level
2021-12-27 23:58:31 Slf4jJdk.java TRACE Trace Level
2021-12-27 23:58:31 Slf4jJdk.java DEBUG Debug Level
2021-12-27 23:58:31 Slf4jJdk.java INFO Info Level
2021-12-27 23:58:31 Slf4jJdk.java WARN Warn Level
2021-12-27 23:58:31 Slf4jJdk.java ERROR Error Level
2021-12-28 00:18:53 Slf4jJdk.java TRACE Trace Level
2021-12-28 00:18:53 Slf4jJdk.java DEBUG Debug Level
2021-12-28 00:18:53 Slf4jJdk.java INFO Info Level
2021-12-28 00:18:53 Slf4jJdk.java WARN Warn Level
2021-12-28 00:18:53 Slf4jJdk.java ERROR Error Level
2021-12-28 00:41:42 Slf4jJdk.java TRACE Trace Level
2021-12-28 00:41:42 Slf4jJdk.java DEBUG Debug Level
2021-12-28 00:41:42 Slf4jJdk.java INFO Info Level
2021-12-28 00:41:42 Slf4jJdk.java WARN Warn Level
2021-12-28 00:41:42 Slf4jJdk.java ERROR Error Level
2021-12-28 00:42:11 Slf4jJdk.java TRACE Trace Level
2021-12-28 00:42:11 Slf4jJdk.java DEBUG Debug Level
2021-12-28 00:42:11 Slf4jJdk.java INFO Info Level
2021-12-28 00:42:11 Slf4jJdk.java WARN Warn Level
2021-12-28 00:42:11 Slf4jJdk.java ERROR Error Level
2021-12-28 00:45:17 Slf4jJdk.java TRACE Trace Level
2021-12-28 00:45:17 Slf4jJdk.java DEBUG Debug Level
2021-12-28 00:45:17 Slf4jJdk.java INFO Info Level
2021-12-28 00:45:17 Slf4jJdk.java WARN Warn Level
2021-12-28 00:45:17 Slf4jJdk.java ERROR Error Level
2021-12-28 00:45:22 Slf4jJdk.java TRACE Trace Level
2021-12-28 00:45:22 Slf4jJdk.java DEBUG Debug Level
2021-12-28 00:45:22 Slf4jJdk.java INFO Info Level
2021-12-28 00:45:22 Slf4jJdk.java WARN Warn Level
2021-12-28 00:45:22 Slf4jJdk.java ERROR Error Level
2021-12-28 00:45:27 Slf4jJdk.java TRACE Trace Level
2021-12-28 00:45:27 Slf4jJdk.java DEBUG Debug Level
2021-12-28 00:45:27 Slf4jJdk.java INFO Info Level
2021-12-28 00:45:27 Slf4jJdk.java WARN Warn Level
2021-12-28 00:45:27 Slf4jJdk.java ERROR Error Level
2021-12-28 00:45:55 Slf4jJdk.java TRACE Trace Level
2021-12-28 00:45:55 Slf4jJdk.java DEBUG Debug Level
2021-12-28 00:45:55 Slf4jJdk.java INFO Info Level
2021-12-28 00:45:55 Slf4jJdk.java WARN Warn Level
2021-12-28 00:45:55 Slf4jJdk.java ERROR Error Level
2021-12-28 00:47:09 Slf4jJdk.java TRACE Trace Level
2021-12-28 00:47:09 Slf4jJdk.java DEBUG Debug Level
2021-12-28 00:47:09 Slf4jJdk.java INFO Info Level
2021-12-28 00:47:09 Slf4jJdk.java WARN Warn Level
2021-12-28 00:47:09 Slf4jJdk.java ERROR Error Level
2021-12-28 12:19:30 CommonsLogging.java TRACE Trace Level
2021-12-28 12:19:30 CommonsLogging.java DEBUG Debug Level
2021-12-28 12:19:30 CommonsLogging.java INFO Info Level
2021-12-28 12:19:30 CommonsLogging.java WARN Warn Level
2021-12-28 12:19:30 CommonsLogging.java ERROR Error Level
This is from log4j.properties: 2021-12-28 12:20:53 CommonsLogging.java TRACE Trace Level
This is from log4j.properties: 2021-12-28 12:20:53 CommonsLogging.java DEBUG Debug Level
This is from log4j.properties: 2021-12-28 12:20:53 CommonsLogging.java INFO Info Level
This is from log4j.properties: 2021-12-28 12:20:53 CommonsLogging.java WARN Warn Level
This is from log4j.properties: 2021-12-28 12:20:53 CommonsLogging.java ERROR Error Level
This is from log4j.properties: 2021-12-28 12:28:54 LogbackDemo.java TRACE ======trace
This is from log4j.properties: 2021-12-28 12:28:54 LogbackDemo.java DEBUG ======debug
This is from log4j.properties: 2021-12-28 12:28:54 LogbackDemo.java INFO ======info
This is from log4j.properties: 2021-12-28 12:28:54 LogbackDemo.java WARN ======warn
This is from log4j.properties: 2021-12-28 12:28:54 LogbackDemo.java ERROR ======error
This is from log4j.properties: 2021-12-28 12:28:54 LogbackDemo.java INFO Hello,Aub!
This is from log4j.properties: 2021-12-28 12:28:54 LogbackDemo.java INFO Hello,Aub!   3Q!
This is from log4j.properties: 2021-12-28 12:28:54 LogbackDemo.java INFO Fruit:  apple,banana
This is from log4j.properties: 2021-12-28 12:29:39 LogbackDemo.java TRACE ======trace
This is from log4j.properties: 2021-12-28 12:29:39 LogbackDemo.java DEBUG ======debug
This is from log4j.properties: 2021-12-28 12:29:39 LogbackDemo.java INFO ======info
This is from log4j.properties: 2021-12-28 12:29:39 LogbackDemo.java WARN ======warn
This is from log4j.properties: 2021-12-28 12:29:39 LogbackDemo.java ERROR ======error
This is from log4j.properties: 2021-12-28 12:29:39 LogbackDemo.java INFO Hello,Aub!
This is from log4j.properties: 2021-12-28 12:29:39 LogbackDemo.java INFO Hello,Aub!   3Q!
This is from log4j.properties: 2021-12-28 12:29:39 LogbackDemo.java INFO Fruit:  apple,banana
This is from log4j.properties: 2021-12-28 13:02:23 Slf4j.java TRACE Trace Level
This is from log4j.properties: 2021-12-28 13:02:23 Slf4j.java DEBUG Debug Level
This is from log4j.properties: 2021-12-28 13:02:23 Slf4j.java INFO Info Level
This is from log4j.properties: 2021-12-28 13:02:23 Slf4j.java WARN Warn Level
This is from log4j.properties: 2021-12-28 13:02:23 Slf4j.java ERROR Error Level
This is from log4j.properties: 2021-12-28 16:43:21 CommonsLogging.java TRACE Trace Level
This is from log4j.properties: 2021-12-28 16:43:21 CommonsLogging.java DEBUG Debug Level
This is from log4j.properties: 2021-12-28 16:43:21 CommonsLogging.java INFO Info Level
This is from log4j.properties: 2021-12-28 16:43:21 CommonsLogging.java WARN Warn Level
This is from log4j.properties: 2021-12-28 16:43:21 CommonsLogging.java ERROR Error Level
This is from log4j.properties: 2021-12-28 16:48:32 CommonsLogging.java TRACE Trace Level
This is from log4j.properties: 2021-12-28 16:48:32 CommonsLogging.java DEBUG Debug Level
This is from log4j.properties: 2021-12-28 16:48:32 CommonsLogging.java INFO Info Level
This is from log4j.properties: 2021-12-28 16:48:32 CommonsLogging.java WARN Warn Level
This is from log4j.properties: 2021-12-28 16:48:32 CommonsLogging.java ERROR Error Level
This is from log4j.properties: 2021-12-28 16:57:14 CommonsLogging.java TRACE Trace Level
This is from log4j.properties: 2021-12-28 16:57:14 CommonsLogging.java DEBUG Debug Level
This is from log4j.properties: 2021-12-28 16:57:14 CommonsLogging.java INFO Info Level
This is from log4j.properties: 2021-12-28 16:57:14 CommonsLogging.java WARN Warn Level
This is from log4j.properties: 2021-12-28 16:57:14 CommonsLogging.java ERROR Error Level
This is from log4j.properties: 2021-12-28 17:18:40 CommonsLogging.java TRACE Trace Level
This is from log4j.properties: 2021-12-28 17:18:40 CommonsLogging.java DEBUG Debug Level
This is from log4j.properties: 2021-12-28 17:18:40 CommonsLogging.java INFO Info Level
This is from log4j.properties: 2021-12-28 17:18:40 CommonsLogging.java WARN Warn Level
This is from log4j.properties: 2021-12-28 17:18:40 CommonsLogging.java ERROR Error Level
This is from log4j.properties: 2021-12-28 17:22:25 Slf4j.java TRACE Trace Level
This is from log4j.properties: 2021-12-28 17:22:25 Slf4j.java DEBUG Debug Level
This is from log4j.properties: 2021-12-28 17:22:25 Slf4j.java INFO Info Level
This is from log4j.properties: 2021-12-28 17:22:25 Slf4j.java WARN Warn Level
This is from log4j.properties: 2021-12-28 17:22:25 Slf4j.java ERROR Error Level
This is from log4j.properties: 2021-12-28 17:25:06 JCLLoggerAdapter.java TRACE Trace Level
This is from log4j.properties: 2021-12-28 17:25:06 JCLLoggerAdapter.java DEBUG Debug Level
This is from log4j.properties: 2021-12-28 17:25:06 JCLLoggerAdapter.java INFO Info Level
This is from log4j.properties: 2021-12-28 17:25:06 JCLLoggerAdapter.java WARN Warn Level
This is from log4j.properties: 2021-12-28 17:25:06 JCLLoggerAdapter.java ERROR Error Level
This is from log4j.properties: 2021-12-28 18:48:03 JCLLoggerAdapter.java TRACE ======trace
This is from log4j.properties: 2021-12-28 18:48:03 JCLLoggerAdapter.java DEBUG ======debug
This is from log4j.properties: 2021-12-28 18:48:03 JCLLoggerAdapter.java INFO ======info
This is from log4j.properties: 2021-12-28 18:48:03 JCLLoggerAdapter.java WARN ======warn
This is from log4j.properties: 2021-12-28 18:48:03 JCLLoggerAdapter.java ERROR ======error
This is from log4j.properties: 2021-12-28 18:48:03 JCLLoggerAdapter.java INFO Hello,Aub!
This is from log4j.properties: 2021-12-28 18:48:03 JCLLoggerAdapter.java INFO Hello,Aub!   3Q!
This is from log4j.properties: 2021-12-28 18:48:03 JCLLoggerAdapter.java INFO Fruit:  apple,banana
This is from log4j.properties: 2021-12-28 21:21:02 CommonsLogging.java TRACE Trace Level
This is from log4j.properties: 2021-12-28 21:21:02 CommonsLogging.java DEBUG Debug Level
This is from log4j.properties: 2021-12-28 21:21:02 CommonsLogging.java INFO Info Level
This is from log4j.properties: 2021-12-28 21:21:02 CommonsLogging.java WARN Warn Level
This is from log4j.properties: 2021-12-28 21:21:02 CommonsLogging.java ERROR Error Level
This is from log4j.properties: 2021-12-28 21:22:28 CommonsLogging.java TRACE Trace Level
This is from log4j.properties: 2021-12-28 21:22:28 CommonsLogging.java DEBUG Debug Level
This is from log4j.properties: 2021-12-28 21:22:28 CommonsLogging.java INFO Info Level
This is from log4j.properties: 2021-12-28 21:22:28 CommonsLogging.java WARN Warn Level
This is from log4j.properties: 2021-12-28 21:22:28 CommonsLogging.java ERROR Error Level
This is from log4j.properties: 2021-12-28 21:22:51 CommonsLogging.java TRACE Trace Level
This is from log4j.properties: 2021-12-28 21:22:51 CommonsLogging.java DEBUG Debug Level
This is from log4j.properties: 2021-12-28 21:22:51 CommonsLogging.java INFO Info Level
This is from log4j.properties: 2021-12-28 21:22:51 CommonsLogging.java WARN Warn Level
This is from log4j.properties: 2021-12-28 21:22:51 CommonsLogging.java ERROR Error Level
This is from log4j.properties: 2021-12-28 21:26:03 CommonsLogging.java TRACE Trace Level
This is from log4j.properties: 2021-12-28 21:26:03 CommonsLogging.java DEBUG Debug Level
This is from log4j.properties: 2021-12-28 21:26:03 CommonsLogging.java INFO Info Level
This is from log4j.properties: 2021-12-28 21:26:03 CommonsLogging.java WARN Warn Level
This is from log4j.properties: 2021-12-28 21:26:03 CommonsLogging.java ERROR Error Level
This is from log4j.properties: 2021-12-28 21:29:07 CommonsLogging.java TRACE Trace Level
This is from log4j.properties: 2021-12-28 21:29:07 CommonsLogging.java DEBUG Debug Level
This is from log4j.properties: 2021-12-28 21:29:07 CommonsLogging.java INFO Info Level
This is from log4j.properties: 2021-12-28 21:29:07 CommonsLogging.java WARN Warn Level
This is from log4j.properties: 2021-12-28 21:29:07 CommonsLogging.java ERROR Error Level
